#
# A fatal error has been detected by the Java Runtime Environment:
#
#  EXCEPTION_ACCESS_VIOLATION (0xc0000005) at pc=0x6d996912, pid=7016, tid=6452
#
# JRE version: 6.0_23-b05
# Java VM: Java HotSpot(TM) Client VM (19.0-b09 mixed mode windows-x86 )
# Problematic frame:
# V  [jvm.dll+0xf6912]
#
# If you would like to submit a bug report, please visit:
#   http://java.sun.com/webapps/bugreport/crash.jsp
#

---------------  T H R E A D  ---------------

Current thread (0x01bca800):  JavaThread "JDWP Transport Listener: dt_socket" daemon [_thread_in_vm, id=6452, stack(0x17df0000,0x17e40000)]

siginfo: ExceptionCode=0xc0000005, reading address 0x00000004

Registers:
EAX=0x00000000, EBX=0x6d43e124, ECX=0x00000000, EDX=0x00000000
ESP=0x17e3fa44, EBP=0x17e3fa48, ESI=0x00000010, EDI=0x6d43e10c
EIP=0x6d996912, EFLAGS=0x00010283

Register to memory mapping:

EAX=0x00000000
0x00000000 is pointing to unknown location

EBX=0x6d43e124
0x6d43e124 is pointing to unknown location

ECX=0x00000000
0x00000000 is pointing to unknown location

EDX=0x00000000
0x00000000 is pointing to unknown location

ESP=0x17e3fa44
0x17e3fa44 is pointing into the stack for thread: 0x01bca800
"JDWP Transport Listener: dt_socket" daemon prio=6 tid=0x01bca800 nid=0x1934 runnable [0x00000000]
   java.lang.Thread.State: RUNNABLE

EBP=0x17e3fa48
0x17e3fa48 is pointing into the stack for thread: 0x01bca800
"JDWP Transport Listener: dt_socket" daemon prio=6 tid=0x01bca800 nid=0x1934 runnable [0x00000000]
   java.lang.Thread.State: RUNNABLE

ESI=0x00000010
0x00000010 is pointing to unknown location

EDI=0x6d43e10c
0x6d43e10c is pointing to unknown location


Top of Stack: (sp=0x17e3fa44)
0x17e3fa44:   01bc7008 17e3fa80 6d9a50b7 03d9daf0
0x17e3fa54:   6d43e10c 01bca918 6d43e124 00000004
0x17e3fa64:   01bcab60 01bcab68 01bcaf54 01bca800
0x17e3fa74:   00000000 01bca918 17e3fc54 6d43e94c
0x17e3fa84:   6d4262bd 01bca800 01be6b8c 00000000
0x17e3fa94:   17e3fab8 17e3fc54 6d442b0a 17e3fc54
0x17e3faa4:   01be6b8c 17e3fc24 6d42ba30 17e3fc24
0x17e3fab4:   17e3fac4 6d43e840 6d2b4014 6d442be0 

Instructions: (pc=0x6d996912)
0x6d996902:   8b 0c 01 8b 14 02 56 8b 35 00 2c b1 6d 8b 04 06
0x6d996912:   8b 71 04 8b 76 0c 81 e6 00 ff 00 00 81 fe 00 05 


Stack: [0x17df0000,0x17e40000],  sp=0x17e3fa44,  free space=318k
Native frames: (J=compiled Java code, j=interpreted, Vv=VM code, C=native code)
V  [jvm.dll+0xf6912]
V  [jvm.dll+0x1050b7]


---------------  P R O C E S S  ---------------

Java Threads: ( => current thread )
  0x18478800 JavaThread "ReaderThread" [_thread_in_native, id=6160, stack(0x180f0000,0x18140000)]
  0x01bf0400 JavaThread "Low Memory Detector" daemon [_thread_blocked, id=4988, stack(0x18050000,0x180a0000)]
  0x01be2c00 JavaThread "CompilerThread0" daemon [_thread_blocked, id=7096, stack(0x17fa0000,0x17ff0000)]
  0x01bce800 JavaThread "JDWP Command Reader" daemon [_thread_in_native, id=884, stack(0x17f50000,0x17fa0000)]
  0x01bcc800 JavaThread "JDWP Event Helper Thread" daemon [_thread_blocked, id=8152, stack(0x17eb0000,0x17f00000)]
=>0x01bca800 JavaThread "JDWP Transport Listener: dt_socket" daemon [_thread_in_vm, id=6452, stack(0x17df0000,0x17e40000)]
  0x01bbe400 JavaThread "Attach Listener" daemon [_thread_blocked, id=2396, stack(0x17d50000,0x17da0000)]
  0x01bbb000 JavaThread "Signal Dispatcher" daemon [_thread_blocked, id=6236, stack(0x17d00000,0x17d50000)]
  0x01b91c00 JavaThread "Finalizer" daemon [_thread_blocked, id=6532, stack(0x17cb0000,0x17d00000)]
  0x01b8d400 JavaThread "Reference Handler" daemon [_thread_blocked, id=6440, stack(0x01780000,0x017d0000)]
  0x0177bc00 JavaThread "main" [_thread_blocked, id=3356, stack(0x01190000,0x011e0000)]

Other Threads:
  0x01b8a400 VMThread [stack: 0x011f0000,0x01240000] [id=7816]
  0x01bf1800 WatcherThread [stack: 0x180a0000,0x180f0000] [id=7476]

VM state:not at safepoint (normal execution)

VM Mutex/Monitor currently owned by a thread: None

Heap
 def new generation   total 4928K, used 1919K [0x03c00000, 0x04150000, 0x09150000)
  eden space 4416K,  37% used [0x03c00000, 0x03d9f980, 0x04050000)
  from space 512K,  50% used [0x040d0000, 0x041103e0, 0x04150000)
  to   space 512K,   0% used [0x04050000, 0x04050000, 0x040d0000)
 tenured generation   total 10944K, used 888K [0x09150000, 0x09c00000, 0x13c00000)
   the space 10944K,   8% used [0x09150000, 0x0922e128, 0x0922e200, 0x09c00000)
 compacting perm gen  total 12288K, used 8126K [0x13c00000, 0x14800000, 0x17c00000)
   the space 12288K,  66% used [0x13c00000, 0x143ef978, 0x143efa00, 0x14800000)
No shared spaces configured.

Dynamic libraries:
0x00400000 - 0x00424000 	C:\Program Files\Java\jdk1.6.0_23\bin\javaw.exe
0x77960000 - 0x77a9d000 	C:\Windows\SYSTEM32\ntdll.dll
0x777b0000 - 0x77884000 	C:\Windows\system32\kernel32.dll
0x75d10000 - 0x75d5a000 	C:\Windows\system32\KERNELBASE.dll
0x76250000 - 0x762f0000 	C:\Windows\system32\ADVAPI32.dll
0x776a0000 - 0x7774c000 	C:\Windows\system32\msvcrt.dll
0x77640000 - 0x77659000 	C:\Windows\SYSTEM32\sechost.dll
0x77ae0000 - 0x77b81000 	C:\Windows\system32\RPCRT4.dll
0x77890000 - 0x77959000 	C:\Windows\system32\USER32.dll
0x76160000 - 0x761ae000 	C:\Windows\system32\GDI32.dll
0x76440000 - 0x7644a000 	C:\Windows\system32\LPK.dll
0x775a0000 - 0x7763d000 	C:\Windows\system32\USP10.dll
0x761b0000 - 0x761cf000 	C:\Windows\system32\IMM32.DLL
0x76090000 - 0x7615c000 	C:\Windows\system32\MSCTF.dll
0x75a80000 - 0x75aa3000 	C:\PROGRA~1\Google\GOOGLE~1\GO36F4~1.DLL
0x77660000 - 0x77695000 	C:\Windows\system32\WS2_32.dll
0x77aa0000 - 0x77aa6000 	C:\Windows\system32\NSI.dll
0x75e40000 - 0x75e45000 	C:\Windows\system32\PSAPI.DLL
0x7c340000 - 0x7c396000 	C:\Program Files\Java\jdk1.6.0_23\jre\bin\msvcr71.dll
0x6d8a0000 - 0x6db4c000 	C:\Program Files\Java\jdk1.6.0_23\jre\bin\client\jvm.dll
0x74050000 - 0x74082000 	C:\Windows\system32\WINMM.dll
0x75980000 - 0x759cb000 	C:\Windows\system32\apphelp.dll
0x6d850000 - 0x6d85c000 	C:\Program Files\Java\jdk1.6.0_23\jre\bin\verify.dll
0x6d3d0000 - 0x6d3ef000 	C:\Program Files\Java\jdk1.6.0_23\jre\bin\java.dll
0x6d330000 - 0x6d338000 	C:\Program Files\Java\jdk1.6.0_23\jre\bin\hpi.dll
0x6d420000 - 0x6d449000 	C:\Program Files\Java\jdk1.6.0_23\jre\bin\jdwp.dll
0x6d740000 - 0x6d746000 	C:\Program Files\Java\jdk1.6.0_23\jre\bin\npt.dll
0x6d890000 - 0x6d89f000 	C:\Program Files\Java\jdk1.6.0_23\jre\bin\zip.dll
0x6d2b0000 - 0x6d2b7000 	C:\Program Files\Java\jdk1.6.0_23\jre\bin\dt_socket.dll
0x74120000 - 0x74130000 	C:\Windows\system32\NLAapi.dll
0x6d520000 - 0x6d530000 	C:\Windows\system32\napinsp.dll
0x6d500000 - 0x6d512000 	C:\Windows\system32\pnrpnsp.dll
0x6d340000 - 0x6d34d000 	C:\Windows\system32\wshbth.dll
0x754c0000 - 0x754fc000 	C:\Windows\System32\mswsock.dll
0x75380000 - 0x753c4000 	C:\Windows\system32\DNSAPI.dll
0x00350000 - 0x00358000 	C:\Windows\System32\winrnr.dll
0x72a00000 - 0x72a24000 	C:\Program Files\Common Files\Microsoft Shared\Windows Live\WLIDNSP.DLL
0x77750000 - 0x777a7000 	C:\Windows\system32\SHLWAPI.dll
0x729c0000 - 0x729e5000 	C:\Program Files\Bonjour\mdnsNSP.dll
0x73bc0000 - 0x73bdc000 	C:\Windows\system32\Iphlpapi.DLL
0x73b30000 - 0x73b37000 	C:\Windows\system32\WINNSI.DLL
0x73a70000 - 0x73aa8000 	C:\Windows\System32\fwpuclnt.dll
0x729f0000 - 0x729f6000 	C:\Windows\system32\rasadhlp.dll
0x74b20000 - 0x74b25000 	C:\Windows\System32\wshtcpip.dll
0x6d6b0000 - 0x6d6c3000 	C:\Program Files\Java\jdk1.6.0_23\jre\bin\net.dll
0x754b0000 - 0x754b6000 	C:\Windows\System32\wship6.dll

VM Arguments:
jvm_args: -agentlib:jdwp=transport=dt_socket,suspend=y,address=localhost:51338 -Dfile.encoding=Cp1252 
java_command: org.eclipse.jdt.internal.junit.runner.RemoteTestRunner -version 3 -port 51337 -testLoaderClass org.eclipse.jdt.internal.junit4.runner.JUnit4TestLoader -loaderpluginname org.eclipse.jdt.junit4.runtime -testNameFile C:\Users\MIKESM~1\AppData\Local\Temp\testNames6613037560674039445.txt
Launcher Type: SUN_STANDARD

Environment Variables:
JAVA_HOME=C:\Program Files\Java\jdk1.6.0_23
CLASSPATH=.;C:\PROGRA~1\IBM\SQLLIB\java\db2java.zip;C:\PROGRA~1\IBM\SQLLIB\java\db2jcc.jar;C:\PROGRA~1\IBM\SQLLIB\java\sqlj.zip;C:\PROGRA~1\IBM\SQLLIB\java\DB2JCC~2.JAR;C:\PROGRA~1\IBM\SQLLIB\bin;C:\PROGRA~1\IBM\SQLLIB\java\common.jar;C:\Program Files\Java\jre6\lib\ext\QTJava.zip
PATH=C:\Program Files\Java\jdk1.6.0_23\jre\bin;C:\.m2\repository\.jruby\bin;C:\Program Files\Java\jdk1.6.0_23\bin;c:\activemq\bin;C:\Perl\site\bin;C:\Perl\bin;C:\java\mule-2.2.1\bin;C:\Program Files\Common Files\Microsoft Shared\Windows Live;C:\java\apache-ant-1.8.1\bin;C:\java\apache-maven-3.0.2\bin;C:\oraclexe\app\oracle\product\10.2.0\server\bin;C:\Python26\;C:\Windows\system32;C:\Windows;C:\Windows\System32\Wbem;C:\Program Files\Common Files\Roxio Shared\DLLShared\;C:\Program Files\Common Files\Roxio Shared\10.0\DLLShared\;C:\Program Files\Microsoft SQL Server\90\Tools\binn\;C:\Program Files\MySQL\MySQL Server 5.1\bin;C:\PROGRA~1\IBM\SQLLIB\BIN;C:\PROGRA~1\IBM\SQLLIB\FUNCTION;C:\PROGRA~1\IBM\SQLLIB\SAMPLES\REPL;C:\Windows\System32\WindowsPowerShell\v1.0\;C:\Program Files\Groovy\Groovy-1.6.3\bin;C:\java\grails\bin;c:\java\axis2\bin;C:\JProbe_8.2\bin;C:\JProbe_83\bin;C:\Program Files\Microsoft SQL Server\100\Tools\Binn\;C:\Program Files\Microsoft SQL Server\100\DTS\Binn\;C:\Program Files\VanDyke Software\SecureFX\;C:\Program Files\QuickTime\QTSystem\;C:\Users\Mike Smithson\.m2\repository\.jruby\bin;c:\jruby-1.6.0.RC1\bin;C:\activemq\bin;C:\Sun\jwsdp-2.0\jwsdp-shared\bin;C:\Program Files\Common Files\Microsoft Shared\Windows Live;C:\scala\bin
USERNAME=Mike Smithson
OS=Windows_NT
PROCESSOR_IDENTIFIER=x86 Family 6 Model 23 Stepping 6, GenuineIntel



---------------  S Y S T E M  ---------------

OS: Windows 7 Build 7600 

CPU:total 2 (2 cores per cpu, 1 threads per core) family 6 model 23 stepping 6, cmov, cx8, fxsr, mmx, sse, sse2, sse3, ssse3, sse4.1

Memory: 4k page, physical 3668012k(1249472k free), swap 7334260k(4234224k free)

vm_info: Java HotSpot(TM) Client VM (19.0-b09) for windows-x86 JRE (1.6.0_23-b05), built on Nov 12 2010 15:00:43 by "java_re" with MS VC++ 7.1 (VS2003)

time: Wed Feb 16 23:49:19 2011
elapsed time: 37 seconds

